[debug] [2021-07-15T07:58:18.952Z] ----------------------------------------------------------------------
[debug] [2021-07-15T07:58:18.954Z] Command:       E:\nodejs\nodejs\node.exe C:\Users\user\AppData\Roaming\npm\node_modules\firebase-tools\lib\bin\firebase.js init
[debug] [2021-07-15T07:58:18.955Z] CLI Version:   9.16.0
[debug] [2021-07-15T07:58:18.955Z] Platform:      win32
[debug] [2021-07-15T07:58:18.955Z] Node Version:  v14.16.0
[debug] [2021-07-15T07:58:18.956Z] Time:          Thu Jul 15 2021 13:43:18 GMT+0545 (Nepal Time)
[debug] [2021-07-15T07:58:18.956Z] ----------------------------------------------------------------------
[debug] 
[debug] [2021-07-15T07:58:18.962Z] > command requires scopes: ["email","openid","https://www.googleapis.com/auth/cloudplatformprojects.readonly","https://www.googleapis.com/auth/firebase","https://www.googleapis.com/auth/cloud-platform"]
[debug] [2021-07-15T07:58:18.962Z] > authorizing via signed-in user (irusha2056@gmail.com)
[info] 
     ######## #### ########  ######## ########     ###     ######  ########
     ##        ##  ##     ## ##       ##     ##  ##   ##  ##       ##
     ######    ##  ########  ######   ########  #########  ######  ######
     ##        ##  ##    ##  ##       ##     ## ##     ##       ## ##
     ##       #### ##     ## ######## ########  ##     ##  ######  ########

You're about to initialize a Firebase project in this directory:

  C:\Users\user\Desktop\Youtube clone\ytc

[info] 
=== Project Setup
[info] 
[info] First, let's associate this project directory with a Firebase project.
[info] You can create multiple project aliases by running firebase use --add, 
[info] but for now we'll just set up a default project.
[info] 
[debug] [2021-07-15T07:58:32.218Z] >>> [apiv2][query] GET https://firebase.googleapis.com/v1beta1/projects pageSize=100
[debug] [2021-07-15T07:58:32.973Z] <<< [apiv2][status] GET https://firebase.googleapis.com/v1beta1/projects 200
[debug] [2021-07-15T07:58:32.973Z] <<< [apiv2][body] GET https://firebase.googleapis.com/v1beta1/projects [omitted]
[info] i  Using project clone-ef18c (youtube clone) 
[info] 
=== Hosting Setup
[info] 
[info] Your public directory is the folder (relative to your project directory) that
[info] will contain Hosting assets to be uploaded with firebase deploy. If you
[info] have a build process for your assets, use your build's output directory.
[info] 
[debug] [2021-07-15T08:01:59.438Z] >>> [apiv2][query] GET https://www.gstatic.com/firebasejs/releases.json [none]
[debug] [2021-07-15T08:01:59.738Z] <<< [apiv2][status] GET https://www.gstatic.com/firebasejs/releases.json 200
[debug] [2021-07-15T08:01:59.738Z] <<< [apiv2][body] GET https://www.gstatic.com/firebasejs/releases.json {"current":{"version":"8.7.1","browserURL":"https://www.gstatic.com/firebasejs/8.7.1/firebase.js","packageURL":"https://www.gstatic.com/firebasejs/8.7.1/firebase.tgz"},"live":{"version":"8.7","browserURL":"https://www.gstatic.com/firebasejs/live/8.7/firebase.js","packageURL":"https://www.gstatic.com/firebasejs/live/8.7/firebase.tgz"},"components":{"analytics":"https://www.gstatic.com/firebasejs/8.7.1/firebase-analytics.js","app":"https://www.gstatic.com/firebasejs/8.7.1/firebase-app.js","app-check":"https://www.gstatic.com/firebasejs/8.7.1/firebase-app-check.js","auth":"https://www.gstatic.com/firebasejs/8.7.1/firebase-auth.js","database":"https://www.gstatic.com/firebasejs/8.7.1/firebase-database.js","firestore":"https://www.gstatic.com/firebasejs/8.7.1/firebase-firestore.js","functions":"https://www.gstatic.com/firebasejs/8.7.1/firebase-functions.js","installations":"https://www.gstatic.com/firebasejs/8.7.1/firebase-installations.js","messaging":"https://www.gstatic.com/firebasejs/8.7.1/firebase-messaging.js","storage":"https://www.gstatic.com/firebasejs/8.7.1/firebase-storage.js","performance":"https://www.gstatic.com/firebasejs/8.7.1/firebase-performance.js","remote-config":"https://www.gstatic.com/firebasejs/8.7.1/firebase-remote-config.js","firestore.memory":"https://www.gstatic.com/firebasejs/8.7.1/firebase-firestore.memory.js"}}
[info] +  Wrote build/index.html 
[info] 
[info] i  Detected a .git folder at C:\Users\user\Desktop\Youtube clone\ytc 
[info] i  Authorizing with GitHub to upload your service account to a GitHub repository's secrets store. 
[info] 
[info] Visit this URL on this device to log in:
[info] https://github.com/login/oauth/authorize?client_id=89cf50f02ac6aaed3484&state=740812182&redirect_uri=http%3A%2F%2Flocalhost%3A9005&scope=read%3Auser%20repo%20public_repo
[info] 
[info] Waiting for authentication...
[debug] [2021-07-15T08:02:19.700Z] >>> HTTP REQUEST POST https://github.com/login/oauth/access_token  
 {"client_id":"89cf50f02ac6aaed3484","client_secret":"3330d14abc895d9a74d5f17cd7a00711fa2c5bf0","code":"8249bdd145a0f2b4fc26","redirect_uri":"http://localhost:9005","state":"740812182"}
[debug] [2021-07-15T08:02:20.316Z] <<< HTTP RESPONSE 200 {"server":"GitHub.com","date":"Thu, 15 Jul 2021 08:02:20 GMT","content-type":"application/json; charset=utf-8","transfer-encoding":"chunked","vary":"X-PJAX, Accept-Encoding, Accept, X-Requested-With","permissions-policy":"interest-cohort=()","etag":"W/\"26e63a8ec6c797ea0652acf9958d94e1\"","cache-control":"max-age=0, private, must-revalidate","strict-transport-security":"max-age=31536000; includeSubdomains; preload","x-frame-options":"deny","x-content-type-options":"nosniff","x-xss-protection":"0","referrer-policy":"origin-when-cross-origin, strict-origin-when-cross-origin","expect-ct":"max-age=2592000, report-uri=\"https://api.github.com/_private/browser/errors\"","content-security-policy":"default-src 'none'; base-uri 'self'; block-all-mixed-content; connect-src 'self' uploads.github.com www.githubstatus.com collector.githubapp.com api.github.com github-cloud.s3.amazonaws.com github-production-repository-file-5c1aeb.s3.amazonaws.com github-production-upload-manifest-file-7fdce7.s3.amazonaws.com github-production-user-asset-6210df.s3.amazonaws.com cdn.optimizely.com logx.optimizely.com/v1/events translator.github.com wss://alive.github.com; font-src github.githubassets.com; form-action 'self' github.com gist.github.com; frame-ancestors 'none'; frame-src render.githubusercontent.com render-temp.githubusercontent.com viewscreen.githubusercontent.com; img-src 'self' data: github.githubassets.com identicons.github.com collector.githubapp.com github-cloud.s3.amazonaws.com secured-user-images.githubusercontent.com/ *.githubusercontent.com; manifest-src 'self'; media-src 'none'; script-src github.githubassets.com; style-src 'unsafe-inline' github.githubassets.com; worker-src github.com/socket-worker-3f088aa2.js gist.github.com/socket-worker-3f088aa2.js","x-github-request-id":"49A0:294D:B4F354:BFDC3A:60EFEB8C"}
[debug] [2021-07-15T08:02:20.321Z] >>> [apiv2][query] GET https://api.github.com/user [none]
[debug] [2021-07-15T08:02:20.978Z] <<< [apiv2][status] GET https://api.github.com/user 200
[debug] [2021-07-15T08:02:20.978Z] <<< [apiv2][body] GET https://api.github.com/user {"login":"entrepreneur123","id":46771494,"node_id":"MDQ6VXNlcjQ2NzcxNDk0","avatar_url":"https://avatars.githubusercontent.com/u/46771494?v=4","gravatar_id":"","url":"https://api.github.com/users/entrepreneur123","html_url":"https://github.com/entrepreneur123","followers_url":"https://api.github.com/users/entrepreneur123/followers","following_url":"https://api.github.com/users/entrepreneur123/following{/other_user}","gists_url":"https://api.github.com/users/entrepreneur123/gists{/gist_id}","starred_url":"https://api.github.com/users/entrepreneur123/starred{/owner}{/repo}","subscriptions_url":"https://api.github.com/users/entrepreneur123/subscriptions","organizations_url":"https://api.github.com/users/entrepreneur123/orgs","repos_url":"https://api.github.com/users/entrepreneur123/repos","events_url":"https://api.github.com/users/entrepreneur123/events{/privacy}","received_events_url":"https://api.github.com/users/entrepreneur123/received_events","type":"User","site_admin":false,"name":null,"company":null,"blog":"","location":null,"email":null,"hireable":null,"bio":null,"twitter_username":null,"public_repos":38,"public_gists":0,"followers":7,"following":32,"created_at":"2019-01-17T04:26:49Z","updated_at":"2021-07-15T07:56:34Z","private_gists":0,"total_private_repos":6,"owned_private_repos":6,"disk_usage":150983,"collaborators":2,"two_factor_authentication":false,"plan":{"name":"free","space":976562499,"collaborators":0,"private_repos":10000}}
[info] 
[info] +  Success! Logged into GitHub as entrepreneur123 
[info] 
[debug] [2021-07-15T08:02:33.332Z] >>> [apiv2][query] GET https://api.github.com/repos/youtube-clone/actions/secrets/public-key type=owner
[debug] [2021-07-15T08:02:33.937Z] <<< [apiv2][status] GET https://api.github.com/repos/youtube-clone/actions/secrets/public-key 404
[debug] [2021-07-15T08:02:33.938Z] <<< [apiv2][body] GET https://api.github.com/repos/youtube-clone/actions/secrets/public-key {"message":"Not Found","documentation_url":"https://docs.github.com/rest"}
[debug] [2021-07-15T08:02:55.825Z] >>> [apiv2][query] GET https://api.github.com/repos/youtube-clone/actions/secrets/public-key type=owner
[debug] [2021-07-15T08:02:56.370Z] <<< [apiv2][status] GET https://api.github.com/repos/youtube-clone/actions/secrets/public-key 404
[debug] [2021-07-15T08:02:56.371Z] <<< [apiv2][body] GET https://api.github.com/repos/youtube-clone/actions/secrets/public-key {"message":"Not Found","documentation_url":"https://docs.github.com/rest"}
[debug] [2021-07-15T08:04:01.355Z] >>> [apiv2][query] GET https://api.github.com/repos/entrepreneur123/youtube-clone/actions/secrets/public-key type=owner
[debug] [2021-07-15T08:04:01.946Z] <<< [apiv2][status] GET https://api.github.com/repos/entrepreneur123/youtube-clone/actions/secrets/public-key 404
[debug] [2021-07-15T08:04:01.946Z] <<< [apiv2][body] GET https://api.github.com/repos/entrepreneur123/youtube-clone/actions/secrets/public-key {"message":"Not Found","documentation_url":"https://docs.github.com/rest/reference/actions#get-a-repository-public-key"}
[debug] [2021-07-15T08:04:29.227Z] >>> [apiv2][query] GET https://api.github.com/repos//actions/secrets/public-key type=owner
[debug] [2021-07-15T08:04:29.823Z] <<< [apiv2][status] GET https://api.github.com/repos//actions/secrets/public-key 404
[debug] [2021-07-15T08:04:29.823Z] <<< [apiv2][body] GET https://api.github.com/repos//actions/secrets/public-key {"message":"Not Found","documentation_url":"https://docs.github.com/rest"}
[debug] [2021-07-15T08:05:24.691Z] >>> [apiv2][query] GET https://api.github.com/repos/(entrepreneur123/youtube-clone)/actions/secrets/public-key type=owner
[debug] [2021-07-15T08:05:25.324Z] <<< [apiv2][status] GET https://api.github.com/repos/(entrepreneur123/youtube-clone)/actions/secrets/public-key 404
[debug] [2021-07-15T08:05:25.325Z] <<< [apiv2][body] GET https://api.github.com/repos/(entrepreneur123/youtube-clone)/actions/secrets/public-key {"message":"Not Found","documentation_url":"https://docs.github.com/rest/reference/actions#get-a-repository-public-key"}
[debug] [2021-07-15T08:05:37.691Z] >>> [apiv2][query] GET https://api.github.com/repos//actions/secrets/public-key type=owner
[debug] [2021-07-15T08:05:38.246Z] <<< [apiv2][status] GET https://api.github.com/repos//actions/secrets/public-key 404
[debug] [2021-07-15T08:05:38.246Z] <<< [apiv2][body] GET https://api.github.com/repos//actions/secrets/public-key {"message":"Not Found","documentation_url":"https://docs.github.com/rest"}
[debug] [2021-07-15T08:05:39.860Z] >>> [apiv2][query] GET https://api.github.com/repos/?/actions/secrets/public-key type=owner
[debug] [2021-07-15T08:05:40.416Z] <<< [apiv2][status] GET https://api.github.com/repos/?/actions/secrets/public-key 404
[debug] [2021-07-15T08:05:40.417Z] <<< [apiv2][body] GET https://api.github.com/repos/?/actions/secrets/public-key {"message":"Not Found","documentation_url":"https://docs.github.com/rest"}
